<?xml version="1.0" encoding="UTF-8"?>
<testng-results ignored="0" total="1" passed="1" failed="0" skipped="0">
  <reporter-output>
  </reporter-output>
  <suite started-at="2024-04-07T20:15:44 IST" name="Suite" finished-at="2024-04-07T20:15:58 IST" duration-ms="13213">
    <groups>
    </groups>
    <test started-at="2024-04-07T20:15:44 IST" name="Test" finished-at="2024-04-07T20:15:58 IST" duration-ms="13213">
      <class name="Basket.Testing">
        <test-method is-config="true" signature="getDriver()[pri:0, instance:Basket.Testing@1139b2f3]" started-at="2024-04-07T20:15:44 IST" name="getDriver" finished-at="2024-04-07T20:15:47 IST" duration-ms="2813" status="PASS">
          <reporter-output>
          </reporter-output>
        </test-method> <!-- getDriver -->
        <test-method signature="greenKart()[pri:0, instance:Basket.Testing@1139b2f3]" started-at="2024-04-07T20:15:47 IST" name="greenKart" finished-at="2024-04-07T20:15:58 IST" duration-ms="10245" status="PASS">
          <reporter-output>
          </reporter-output>
        </test-method> <!-- greenKart -->
        <test-method is-config="true" signature="tearDown()[pri:0, instance:Basket.Testing@1139b2f3]" started-at="2024-04-07T20:15:58 IST" name="tearDown" finished-at="2024-04-07T20:15:58 IST" duration-ms="130" status="PASS">
          <reporter-output>
          </reporter-output>
        </test-method> <!-- tearDown -->
      </class> <!-- Basket.Testing -->
    </test> <!-- Test -->
  </suite> <!-- Suite -->
</testng-results>
